<!DOCTYPE html>
<html>
<head>
<meta http-equiv="Content-Type" content="text/html; charset=utf-8"/>
<meta http-equiv="x-ua-compatible" content="IE=edge"/>
<title>Test results - Class I can find a city inside a state.</title>
<link href="../css/base-style.css" rel="stylesheet" type="text/css"/>
<link href="../css/style.css" rel="stylesheet" type="text/css"/>
<script src="../js/report.js" type="text/javascript"></script>
</head>
<body>
<div id="content">
<h1>Class I can find a city inside a state.</h1>
<div class="breadcrumbs">
<a href="../index.html">all</a> &gt; 
<a href="../packages/I can find a city inside a state.html">I can find a city inside a state</a> &gt; I can find a city inside a state.</div>
<div id="summary">
<table>
<tr>
<td>
<div class="summaryGroup">
<table>
<tr>
<td>
<div class="infoBox" id="tests">
<div class="counter">2</div>
<p>tests</p>
</div>
</td>
<td>
<div class="infoBox" id="failures">
<div class="counter">2</div>
<p>failures</p>
</div>
</td>
<td>
<div class="infoBox" id="ignored">
<div class="counter">0</div>
<p>ignored</p>
</div>
</td>
<td>
<div class="infoBox" id="duration">
<div class="counter">12.297s</div>
<p>duration</p>
</div>
</td>
</tr>
</table>
</div>
</td>
<td>
<div class="infoBox failures" id="successRate">
<div class="percent">0%</div>
<p>successful</p>
</div>
</td>
</tr>
</table>
</div>
<div id="tabs">
<ul class="tabLinks">
<li>
<a href="#tab0">Failed tests</a>
</li>
<li>
<a href="#tab1">Tests</a>
</li>
<li>
<a href="#tab2">Standard output</a>
</li>
<li>
<a href="#tab3">Standard error</a>
</li>
</ul>
<div id="tab0" class="tab">
<h2>Failed tests</h2>
<div class="test">
<a name="As a Test Engineer, I want to validate that a text is present inside the list."></a>
<h3 class="failures">As a Test Engineer, I want to validate that a text is present inside the list.</h3>
<span class="code">
<pre>cucumber.runtime.CucumberException: java.io.IOException: Failed to create directory C:\Users\Fabián%20Escobar\Documents\udemy\cursos\selenium-cucumber\test-output
	at app//com.aventstack.extentreports.cucumber.adapter.ExtentCucumberAdapter.createReportFileOutputStream(ExtentCucumberAdapter.java:248)
	at app//com.aventstack.extentreports.cucumber.adapter.ExtentCucumberAdapter.writeBytesToURL(ExtentCucumberAdapter.java:236)
	at app//com.aventstack.extentreports.cucumber.adapter.ExtentCucumberAdapter.handleEmbed(ExtentCucumberAdapter.java:222)
	at app//com.aventstack.extentreports.cucumber.adapter.ExtentCucumberAdapter.access$400(ExtentCucumberAdapter.java:62)
	at app//com.aventstack.extentreports.cucumber.adapter.ExtentCucumberAdapter$6.receive(ExtentCucumberAdapter.java:122)
	at app//com.aventstack.extentreports.cucumber.adapter.ExtentCucumberAdapter$6.receive(ExtentCucumberAdapter.java:119)
	at app//cucumber.runner.AbstractEventPublisher.send(AbstractEventPublisher.java:45)
	at app//cucumber.runner.AbstractEventBus.send(AbstractEventBus.java:9)
	at app//cucumber.runner.TimeServiceEventBus.send(TimeServiceEventBus.java:3)
	at app//cucumber.runner.ThreadLocalRunnerSupplier$SynchronizedEventBus.send(ThreadLocalRunnerSupplier.java:90)
	at app//cucumber.runner.ThreadLocalRunnerSupplier$LocalEventBus.send(ThreadLocalRunnerSupplier.java:63)
	at app//cucumber.runner.Scenario.embed(Scenario.java:58)
	at app//steps.Hooks.tearDown(Hooks.java:23)
	at java.base@15.0.2/jdk.internal.reflect.NativeMethodAccessorImpl.invoke0(Native Method)
	at java.base@15.0.2/jdk.internal.reflect.NativeMethodAccessorImpl.invoke(NativeMethodAccessorImpl.java:64)
	at java.base@15.0.2/jdk.internal.reflect.DelegatingMethodAccessorImpl.invoke(DelegatingMethodAccessorImpl.java:43)
	at java.base@15.0.2/java.lang.reflect.Method.invoke(Method.java:564)
	at app//cucumber.runtime.Utils$1.call(Utils.java:26)
	at app//cucumber.runtime.Timeout.timeout(Timeout.java:16)
	at app//cucumber.runtime.Utils.invoke(Utils.java:20)
	at app//cucumber.runtime.java.JavaHookDefinition.execute(JavaHookDefinition.java:60)
	at app//cucumber.runner.HookDefinitionMatch.runStep(HookDefinitionMatch.java:16)
	at app//cucumber.runner.TestStep.executeStep(TestStep.java:63)
	at app//cucumber.runner.TestStep.run(TestStep.java:49)
	at app//cucumber.runner.TestCase.run(TestCase.java:48)
	at app//cucumber.runner.Runner.runPickle(Runner.java:40)
	at app//cucumber.runtime.junit.PickleRunners$NoStepDescriptions.run(PickleRunners.java:146)
	at app//cucumber.runtime.junit.FeatureRunner.runChild(FeatureRunner.java:68)
	at app//cucumber.runtime.junit.FeatureRunner.runChild(FeatureRunner.java:23)
	at app//org.junit.runners.ParentRunner$3.run(ParentRunner.java:290)
	at app//org.junit.runners.ParentRunner$1.schedule(ParentRunner.java:71)
	at app//org.junit.runners.ParentRunner.runChildren(ParentRunner.java:288)
	at app//org.junit.runners.ParentRunner.access$000(ParentRunner.java:58)
	at app//org.junit.runners.ParentRunner$2.evaluate(ParentRunner.java:268)
	at app//org.junit.runners.ParentRunner.run(ParentRunner.java:363)
	at app//cucumber.runtime.junit.FeatureRunner.run(FeatureRunner.java:73)
	at app//cucumber.api.junit.Cucumber.runChild(Cucumber.java:124)
	at app//cucumber.api.junit.Cucumber.runChild(Cucumber.java:65)
	at app//org.junit.runners.ParentRunner$3.run(ParentRunner.java:290)
	at app//org.junit.runners.ParentRunner$1.schedule(ParentRunner.java:71)
	at app//org.junit.runners.ParentRunner.runChildren(ParentRunner.java:288)
	at app//org.junit.runners.ParentRunner.access$000(ParentRunner.java:58)
	at app//org.junit.runners.ParentRunner$2.evaluate(ParentRunner.java:268)
	at app//cucumber.api.junit.Cucumber$1.evaluate(Cucumber.java:133)
	at app//org.junit.internal.runners.statements.RunAfters.evaluate(RunAfters.java:27)
	at app//org.junit.runners.ParentRunner.run(ParentRunner.java:363)
	at org.gradle.api.internal.tasks.testing.junit.JUnitTestClassExecutor.runTestClass(JUnitTestClassExecutor.java:110)
	at org.gradle.api.internal.tasks.testing.junit.JUnitTestClassExecutor.execute(JUnitTestClassExecutor.java:58)
	at org.gradle.api.internal.tasks.testing.junit.JUnitTestClassExecutor.execute(JUnitTestClassExecutor.java:38)
	at org.gradle.api.internal.tasks.testing.junit.AbstractJUnitTestClassProcessor.processTestClass(AbstractJUnitTestClassProcessor.java:62)
	at org.gradle.api.internal.tasks.testing.SuiteTestClassProcessor.processTestClass(SuiteTestClassProcessor.java:51)
	at java.base@15.0.2/jdk.internal.reflect.NativeMethodAccessorImpl.invoke0(Native Method)
	at java.base@15.0.2/jdk.internal.reflect.NativeMethodAccessorImpl.invoke(NativeMethodAccessorImpl.java:64)
	at java.base@15.0.2/jdk.internal.reflect.DelegatingMethodAccessorImpl.invoke(DelegatingMethodAccessorImpl.java:43)
	at java.base@15.0.2/java.lang.reflect.Method.invoke(Method.java:564)
	at org.gradle.internal.dispatch.ReflectionDispatch.dispatch(ReflectionDispatch.java:36)
	at org.gradle.internal.dispatch.ReflectionDispatch.dispatch(ReflectionDispatch.java:24)
	at org.gradle.internal.dispatch.ContextClassLoaderDispatch.dispatch(ContextClassLoaderDispatch.java:33)
	at org.gradle.internal.dispatch.ProxyDispatchAdapter$DispatchingInvocationHandler.invoke(ProxyDispatchAdapter.java:94)
	at com.sun.proxy.$Proxy2.processTestClass(Unknown Source)
	at org.gradle.api.internal.tasks.testing.worker.TestWorker$2.run(TestWorker.java:176)
	at org.gradle.api.internal.tasks.testing.worker.TestWorker.executeAndMaintainThreadName(TestWorker.java:129)
	at org.gradle.api.internal.tasks.testing.worker.TestWorker.execute(TestWorker.java:100)
	at org.gradle.api.internal.tasks.testing.worker.TestWorker.execute(TestWorker.java:60)
	at org.gradle.process.internal.worker.child.ActionExecutionWorker.execute(ActionExecutionWorker.java:56)
	at org.gradle.process.internal.worker.child.SystemApplicationClassLoaderWorker.call(SystemApplicationClassLoaderWorker.java:133)
	at org.gradle.process.internal.worker.child.SystemApplicationClassLoaderWorker.call(SystemApplicationClassLoaderWorker.java:71)
	at app//worker.org.gradle.process.internal.worker.GradleWorkerMain.run(GradleWorkerMain.java:69)
	at app//worker.org.gradle.process.internal.worker.GradleWorkerMain.main(GradleWorkerMain.java:74)
Caused by: java.io.IOException: Failed to create directory C:\Users\Fabián%20Escobar\Documents\udemy\cursos\selenium-cucumber\test-output
	at cucumber.runtime.io.URLOutputStream.ensureParentDirExists(URLOutputStream.java:53)
	at cucumber.runtime.io.URLOutputStream.&lt;init&gt;(URLOutputStream.java:33)
	at cucumber.runtime.io.URLOutputStream.&lt;init&gt;(URLOutputStream.java:24)
	at com.aventstack.extentreports.cucumber.adapter.ExtentCucumberAdapter.createReportFileOutputStream(ExtentCucumberAdapter.java:246)
	... 68 more
</pre>
</span>
</div>
<div class="test">
<a name="As a Test Engineer, I want to validate that a text is present inside the list."></a>
<h3 class="failures">As a Test Engineer, I want to validate that a text is present inside the list.</h3>
<span class="code">
<pre>org.openqa.selenium.StaleElementReferenceException: stale element reference: element is not attached to the page document
  (Session info: chrome=97.0.4692.99)
For documentation on this error, please visit: https://www.seleniumhq.org/exceptions/stale_element_reference.html
Build info: version: '3.141.59', revision: 'e82be7d358', time: '2018-11-14T08:17:03'
System info: host: 'SAMSUNGNP300E5A', ip: '192.168.0.4', os.name: 'Windows 10', os.arch: 'amd64', os.version: '10.0', java.version: '15.0.2'
Driver info: org.openqa.selenium.chrome.ChromeDriver
Capabilities {acceptInsecureCerts: false, browserName: chrome, browserVersion: 97.0.4692.99, chrome: {chromedriverVersion: 97.0.4692.71 (adefa7837d02a..., userDataDir: C:\Users\FABINE~1\AppData\L...}, goog:chromeOptions: {debuggerAddress: localhost:56745}, javascriptEnabled: true, networkConnectionEnabled: false, pageLoadStrategy: normal, platform: WINDOWS, platformName: WINDOWS, proxy: Proxy(), setWindowRect: true, strictFileInteractability: false, timeouts: {implicit: 0, pageLoad: 300000, script: 30000}, unhandledPromptBehavior: dismiss and notify, webauthn:extension:credBlob: true, webauthn:extension:largeBlob: true, webauthn:virtualAuthenticators: true}
Session ID: 0e3c23caf2fc2205b54f7c5e9f83ffb0
	at java.base@15.0.2/jdk.internal.reflect.NativeConstructorAccessorImpl.newInstance0(Native Method)
	at java.base@15.0.2/jdk.internal.reflect.NativeConstructorAccessorImpl.newInstance(NativeConstructorAccessorImpl.java:64)
	at java.base@15.0.2/jdk.internal.reflect.DelegatingConstructorAccessorImpl.newInstance(DelegatingConstructorAccessorImpl.java:45)
	at java.base@15.0.2/java.lang.reflect.Constructor.newInstanceWithCaller(Constructor.java:500)
	at java.base@15.0.2/java.lang.reflect.Constructor.newInstance(Constructor.java:481)
	at app//org.openqa.selenium.remote.http.W3CHttpResponseCodec.createException(W3CHttpResponseCodec.java:187)
	at app//org.openqa.selenium.remote.http.W3CHttpResponseCodec.decode(W3CHttpResponseCodec.java:122)
	at app//org.openqa.selenium.remote.http.W3CHttpResponseCodec.decode(W3CHttpResponseCodec.java:49)
	at app//org.openqa.selenium.remote.HttpCommandExecutor.execute(HttpCommandExecutor.java:158)
	at app//org.openqa.selenium.remote.service.DriverCommandExecutor.execute(DriverCommandExecutor.java:83)
	at app//org.openqa.selenium.remote.RemoteWebDriver.execute(RemoteWebDriver.java:552)
	at app//org.openqa.selenium.remote.RemoteWebElement.execute(RemoteWebElement.java:285)
	at app//org.openqa.selenium.remote.RemoteWebElement.getText(RemoteWebElement.java:166)
	at app//pages.ListPage.getAllSearchResults(ListPage.java:37)
	at app//steps.ListSteps.theTableIsThere(ListSteps.java:26)
	at ✽.I can find Seattle, Washington in the list(src/test/resources/features/ListPageTests.feature:7)
</pre>
</span>
<span class="code">
<pre>cucumber.runtime.CucumberException: java.io.IOException: Failed to create directory C:\Users\Fabián%20Escobar\Documents\udemy\cursos\selenium-cucumber\test-output
	at app//com.aventstack.extentreports.cucumber.adapter.ExtentCucumberAdapter.createReportFileOutputStream(ExtentCucumberAdapter.java:248)
	at app//com.aventstack.extentreports.cucumber.adapter.ExtentCucumberAdapter.writeBytesToURL(ExtentCucumberAdapter.java:236)
	at app//com.aventstack.extentreports.cucumber.adapter.ExtentCucumberAdapter.handleEmbed(ExtentCucumberAdapter.java:222)
	at app//com.aventstack.extentreports.cucumber.adapter.ExtentCucumberAdapter.access$400(ExtentCucumberAdapter.java:62)
	at app//com.aventstack.extentreports.cucumber.adapter.ExtentCucumberAdapter$6.receive(ExtentCucumberAdapter.java:122)
	at app//com.aventstack.extentreports.cucumber.adapter.ExtentCucumberAdapter$6.receive(ExtentCucumberAdapter.java:119)
	at app//cucumber.runner.AbstractEventPublisher.send(AbstractEventPublisher.java:45)
	at app//cucumber.runner.AbstractEventBus.send(AbstractEventBus.java:9)
	at app//cucumber.runner.TimeServiceEventBus.send(TimeServiceEventBus.java:3)
	at app//cucumber.runner.ThreadLocalRunnerSupplier$SynchronizedEventBus.send(ThreadLocalRunnerSupplier.java:90)
	at app//cucumber.runner.ThreadLocalRunnerSupplier$LocalEventBus.send(ThreadLocalRunnerSupplier.java:63)
	at app//cucumber.runner.Scenario.embed(Scenario.java:58)
	at app//steps.Hooks.tearDown(Hooks.java:23)
	at java.base@15.0.2/jdk.internal.reflect.NativeMethodAccessorImpl.invoke0(Native Method)
	at java.base@15.0.2/jdk.internal.reflect.NativeMethodAccessorImpl.invoke(NativeMethodAccessorImpl.java:64)
	at java.base@15.0.2/jdk.internal.reflect.DelegatingMethodAccessorImpl.invoke(DelegatingMethodAccessorImpl.java:43)
	at java.base@15.0.2/java.lang.reflect.Method.invoke(Method.java:564)
	at app//cucumber.runtime.Utils$1.call(Utils.java:26)
	at app//cucumber.runtime.Timeout.timeout(Timeout.java:16)
	at app//cucumber.runtime.Utils.invoke(Utils.java:20)
	at app//cucumber.runtime.java.JavaHookDefinition.execute(JavaHookDefinition.java:60)
	at app//cucumber.runner.HookDefinitionMatch.runStep(HookDefinitionMatch.java:16)
	at app//cucumber.runner.TestStep.executeStep(TestStep.java:63)
	at app//cucumber.runner.TestStep.run(TestStep.java:49)
	at app//cucumber.runner.TestCase.run(TestCase.java:48)
	at app//cucumber.runner.Runner.runPickle(Runner.java:40)
	at app//cucumber.runtime.junit.PickleRunners$NoStepDescriptions.run(PickleRunners.java:146)
	at app//cucumber.runtime.junit.FeatureRunner.runChild(FeatureRunner.java:68)
	at app//cucumber.runtime.junit.FeatureRunner.runChild(FeatureRunner.java:23)
	at app//org.junit.runners.ParentRunner$3.run(ParentRunner.java:290)
	at app//org.junit.runners.ParentRunner$1.schedule(ParentRunner.java:71)
	at app//org.junit.runners.ParentRunner.runChildren(ParentRunner.java:288)
	at app//org.junit.runners.ParentRunner.access$000(ParentRunner.java:58)
	at app//org.junit.runners.ParentRunner$2.evaluate(ParentRunner.java:268)
	at app//org.junit.runners.ParentRunner.run(ParentRunner.java:363)
	at app//cucumber.runtime.junit.FeatureRunner.run(FeatureRunner.java:73)
	at app//cucumber.api.junit.Cucumber.runChild(Cucumber.java:124)
	at app//cucumber.api.junit.Cucumber.runChild(Cucumber.java:65)
	at app//org.junit.runners.ParentRunner$3.run(ParentRunner.java:290)
	at app//org.junit.runners.ParentRunner$1.schedule(ParentRunner.java:71)
	at app//org.junit.runners.ParentRunner.runChildren(ParentRunner.java:288)
	at app//org.junit.runners.ParentRunner.access$000(ParentRunner.java:58)
	at app//org.junit.runners.ParentRunner$2.evaluate(ParentRunner.java:268)
	at app//cucumber.api.junit.Cucumber$1.evaluate(Cucumber.java:133)
	at app//org.junit.internal.runners.statements.RunAfters.evaluate(RunAfters.java:27)
	at app//org.junit.runners.ParentRunner.run(ParentRunner.java:363)
	at org.gradle.api.internal.tasks.testing.junit.JUnitTestClassExecutor.runTestClass(JUnitTestClassExecutor.java:110)
	at org.gradle.api.internal.tasks.testing.junit.JUnitTestClassExecutor.execute(JUnitTestClassExecutor.java:58)
	at org.gradle.api.internal.tasks.testing.junit.JUnitTestClassExecutor.execute(JUnitTestClassExecutor.java:38)
	at org.gradle.api.internal.tasks.testing.junit.AbstractJUnitTestClassProcessor.processTestClass(AbstractJUnitTestClassProcessor.java:62)
	at org.gradle.api.internal.tasks.testing.SuiteTestClassProcessor.processTestClass(SuiteTestClassProcessor.java:51)
	at java.base@15.0.2/jdk.internal.reflect.NativeMethodAccessorImpl.invoke0(Native Method)
	at java.base@15.0.2/jdk.internal.reflect.NativeMethodAccessorImpl.invoke(NativeMethodAccessorImpl.java:64)
	at java.base@15.0.2/jdk.internal.reflect.DelegatingMethodAccessorImpl.invoke(DelegatingMethodAccessorImpl.java:43)
	at java.base@15.0.2/java.lang.reflect.Method.invoke(Method.java:564)
	at org.gradle.internal.dispatch.ReflectionDispatch.dispatch(ReflectionDispatch.java:36)
	at org.gradle.internal.dispatch.ReflectionDispatch.dispatch(ReflectionDispatch.java:24)
	at org.gradle.internal.dispatch.ContextClassLoaderDispatch.dispatch(ContextClassLoaderDispatch.java:33)
	at org.gradle.internal.dispatch.ProxyDispatchAdapter$DispatchingInvocationHandler.invoke(ProxyDispatchAdapter.java:94)
	at com.sun.proxy.$Proxy2.processTestClass(Unknown Source)
	at org.gradle.api.internal.tasks.testing.worker.TestWorker$2.run(TestWorker.java:176)
	at org.gradle.api.internal.tasks.testing.worker.TestWorker.executeAndMaintainThreadName(TestWorker.java:129)
	at org.gradle.api.internal.tasks.testing.worker.TestWorker.execute(TestWorker.java:100)
	at org.gradle.api.internal.tasks.testing.worker.TestWorker.execute(TestWorker.java:60)
	at org.gradle.process.internal.worker.child.ActionExecutionWorker.execute(ActionExecutionWorker.java:56)
	at org.gradle.process.internal.worker.child.SystemApplicationClassLoaderWorker.call(SystemApplicationClassLoaderWorker.java:133)
	at org.gradle.process.internal.worker.child.SystemApplicationClassLoaderWorker.call(SystemApplicationClassLoaderWorker.java:71)
	at app//worker.org.gradle.process.internal.worker.GradleWorkerMain.run(GradleWorkerMain.java:69)
	at app//worker.org.gradle.process.internal.worker.GradleWorkerMain.main(GradleWorkerMain.java:74)
Caused by: java.io.IOException: Failed to create directory C:\Users\Fabián%20Escobar\Documents\udemy\cursos\selenium-cucumber\test-output
	at cucumber.runtime.io.URLOutputStream.ensureParentDirExists(URLOutputStream.java:53)
	at cucumber.runtime.io.URLOutputStream.&lt;init&gt;(URLOutputStream.java:33)
	at cucumber.runtime.io.URLOutputStream.&lt;init&gt;(URLOutputStream.java:24)
	at com.aventstack.extentreports.cucumber.adapter.ExtentCucumberAdapter.createReportFileOutputStream(ExtentCucumberAdapter.java:246)
	... 68 more
</pre>
</span>
</div>
</div>
<div id="tab1" class="tab">
<h2>Tests</h2>
<table>
<thead>
<tr>
<th>Test</th>
<th>Duration</th>
<th>Result</th>
</tr>
</thead>
<tr>
<td class="failures">As a Test Engineer, I want to validate that a text is present inside the list.</td>
<td class="failures">2.193s</td>
<td class="failures">failed</td>
</tr>
<tr>
<td class="failures">As a Test Engineer, I want to validate that a text is present inside the list.</td>
<td class="failures">10.104s</td>
<td class="failures">failed</td>
</tr>
</table>
</div>
<div id="tab2" class="tab">
<h2>Standard output</h2>
<span class="code">
<pre>The text is on the list: PASSED
</pre>
</span>
</div>
<div id="tab3" class="tab">
<h2>Standard error</h2>
<span class="code">
<pre>Starting ChromeDriver 97.0.4692.71 (adefa7837d02a07a604c1e6eff0b3a09422ab88d-refs/branch-heads/4692@{#1247}) on port 38539
Only local connections are allowed.
Please see https://chromedriver.chromium.org/security-considerations for suggestions on keeping ChromeDriver safe.
ChromeDriver was started successfully.
Feb 05, 2022 7:34:31 PM org.openqa.selenium.remote.ProtocolHandshake createSession
INFO: Detected dialect: W3C
</pre>
</span>
</div>
</div>
<div id="footer">
<p>
<div>
<label class="hidden" id="label-for-line-wrapping-toggle" for="line-wrapping-toggle">Wrap lines
<input id="line-wrapping-toggle" type="checkbox" autocomplete="off"/>
</label>
</div>Generated by 
<a href="http://www.gradle.org">Gradle 7.3.3</a> at 5 feb. 2022 19:34:40</p>
</div>
</div>
</body>
</html>
